<?xml version="1.0" encoding="UTF-8"?>
<robot generator="Robot 7.3.2 (Python 3.13.2 on win32)" generated="2025-07-20T20:29:51.764456" rpa="false" schemaversion="5">
<suite id="s1" name="Test Search" source="C:\Users\rahul\testflix-automation-framework\tests\ui\test_search.robot">
<test id="s1-t1" name="Test Product Search" line="10">
<kw name="Open Website" owner="ui_keywords">
<kw name="Open Browser" owner="SeleniumLibrary">
<msg time="2025-07-20T20:29:51.916068" level="INFO">Opening browser 'chrome' to base url 'https://automationexercise.com'.</msg>
<arg>${URL}</arg>
<arg>chrome</arg>
<doc>Opens a new browser instance to the optional ``url``.</doc>
<status status="PASS" start="2025-07-20T20:29:51.915919" elapsed="2.894439"/>
</kw>
<kw name="Maximize Browser Window" owner="SeleniumLibrary">
<doc>Maximizes current browser window.</doc>
<status status="PASS" start="2025-07-20T20:29:54.810525" elapsed="0.028538"/>
</kw>
<status status="PASS" start="2025-07-20T20:29:51.915452" elapsed="2.923706"/>
</kw>
<kw name="Handle Cookie Consent" owner="ui_keywords">
<kw name="Wait Until Element Is Visible" owner="SeleniumLibrary">
<arg>xpath=//*[contains(@class, "fc-button-label") and contains(text(), "Consent")]</arg>
<arg>timeout=10s</arg>
<doc>Waits until the element ``locator`` is visible.</doc>
<status status="PASS" start="2025-07-20T20:29:54.839639" elapsed="0.013297"/>
</kw>
<kw name="Click Element" owner="SeleniumLibrary">
<msg time="2025-07-20T20:29:54.853181" level="INFO">Clicking element 'xpath=//*[contains(@class, "fc-button-label") and contains(text(), "Consent")]'.</msg>
<arg>xpath=//*[contains(@class, "fc-button-label") and contains(text(), "Consent")]</arg>
<doc>Click the element identified by ``locator``.</doc>
<status status="PASS" start="2025-07-20T20:29:54.853055" elapsed="0.060816"/>
</kw>
<status status="PASS" start="2025-07-20T20:29:54.839412" elapsed="0.074545"/>
</kw>
<kw name="Search For Product" owner="ui_keywords">
<kw name="Click Element" owner="SeleniumLibrary">
<msg time="2025-07-20T20:29:54.914614" level="INFO">Clicking element 'xpath://a[@href="/products"]'.</msg>
<arg>xpath:${PRODUCT_LINK_PAGE}</arg>
<doc>Click the element identified by ``locator``.</doc>
<status status="PASS" start="2025-07-20T20:29:54.914449" elapsed="0.955560"/>
</kw>
<kw name="Input Text" owner="SeleniumLibrary">
<msg time="2025-07-20T20:29:55.870350" level="INFO">Typing text 'Tshirt' into text field 'xpath://*[@id='search_product']'.</msg>
<msg time="2025-07-20T20:29:55.871965" level="WARN">Keyword 'Capture Page Screenshot' could not be run on failure: Message: no such window: target window already closed
from unknown error: web view not found
  (Session info: chrome=138.0.7204.158)
Stacktrace:
	GetHandleVerifier [0x0x7ff684e4e925+77845]
	GetHandleVerifier [0x0x7ff684e4e980+77936]
	(No symbol) [0x0x7ff684c09cda]
	(No symbol) [0x0x7ff684be21a1]
	(No symbol) [0x0x7ff684c8fc6e]
	(No symbol) [0x0x7ff684cb0432]
	(No symbol) [0x0x7ff684c886a3]
	(No symbol) [0x0x7ff684c51791]
	(No symbol) [0x0x7ff684c52523]
	GetHandleVerifier [0x0x7ff68512683d+3059501]
	GetHandleVerifier [0x0x7ff685120bfd+3035885]
	GetHandleVerifier [0x0x7ff6851403f0+3164896]
	GetHandleVerifier [0x0x7ff684e68c2e+185118]
	GetHandleVerifier [0x0x7ff684e7053f+216111]
	GetHandleVerifier [0x0x7ff684e572d4+113092]
	GetHandleVerifier [0x0x7ff684e57489+113529]
	GetHandleVerifier [0x0x7ff684e3e288+10616]
	BaseThreadInitThunk [0x0x7ffbbdaae8d7+23]
	RtlUserThreadStart [0x0x7ffbbf91c34c+44]
</msg>
<msg time="2025-07-20T20:29:55.872474" level="FAIL">NoSuchWindowException: Message: no such window: target window already closed
from unknown error: web view not found
  (Session info: chrome=138.0.7204.158)
Stacktrace:
	GetHandleVerifier [0x0x7ff684e4e925+77845]
	GetHandleVerifier [0x0x7ff684e4e980+77936]
	(No symbol) [0x0x7ff684c09cda]
	(No symbol) [0x0x7ff684be21a1]
	(No symbol) [0x0x7ff684c8fc6e]
	(No symbol) [0x0x7ff684cb0432]
	(No symbol) [0x0x7ff684c886a3]
	(No symbol) [0x0x7ff684c51791]
	(No symbol) [0x0x7ff684c52523]
	GetHandleVerifier [0x0x7ff68512683d+3059501]
	GetHandleVerifier [0x0x7ff685120bfd+3035885]
	GetHandleVerifier [0x0x7ff6851403f0+3164896]
	GetHandleVerifier [0x0x7ff684e68c2e+185118]
	GetHandleVerifier [0x0x7ff684e7053f+216111]
	GetHandleVerifier [0x0x7ff684e572d4+113092]
	GetHandleVerifier [0x0x7ff684e57489+113529]
	GetHandleVerifier [0x0x7ff684e3e288+10616]
	BaseThreadInitThunk [0x0x7ffbbdaae8d7+23]
	RtlUserThreadStart [0x0x7ffbbf91c34c+44]
</msg>
<arg>xpath:${SEARCH_INPUT}</arg>
<arg>${product}</arg>
<doc>Types the given ``text`` into the text field identified by ``locator``.</doc>
<status status="FAIL" start="2025-07-20T20:29:55.870152" elapsed="0.029921">NoSuchWindowException: Message: no such window: target window already closed
from unknown error: web view not found
  (Session info: chrome=138.0.7204.158)
Stacktrace:
	GetHandleVerifier [0x0x7ff684e4e925+77845]
	GetHandleVerifier [0x0x7ff684e4e980+77936]
	(No symbol) [0x0x7ff684c09cda]
	(No symbol) [0x0x7ff684be21a1]
	(No symbol) [0x0x7ff684c8fc6e]
	(No symbol) [0x0x7ff684cb0432]
	(No symbol) [0x0x7ff684c886a3]
	(No symbol) [0x0x7ff684c51791]
	(No symbol) [0x0x7ff684c52523]
	GetHandleVerifier [0x0x7ff68512683d+3059501]
	GetHandleVerifier [0x0x7ff685120bfd+3035885]
	GetHandleVerifier [0x0x7ff6851403f0+3164896]
	GetHandleVerifier [0x0x7ff684e68c2e+185118]
	GetHandleVerifier [0x0x7ff684e7053f+216111]
	GetHandleVerifier [0x0x7ff684e572d4+113092]
	GetHandleVerifier [0x0x7ff684e57489+113529]
	GetHandleVerifier [0x0x7ff684e3e288+10616]
	BaseThreadInitThunk [0x0x7ffbbdaae8d7+23]
	RtlUserThreadStart [0x0x7ffbbf91c34c+44]
</status>
</kw>
<kw name="Click Button" owner="SeleniumLibrary">
<arg>xpath:${SEARCH_BUTTON}</arg>
<doc>Clicks the button identified by ``locator``.</doc>
<status status="NOT RUN" start="2025-07-20T20:29:55.900214" elapsed="0.000020"/>
</kw>
<arg>Tshirt</arg>
<status status="FAIL" start="2025-07-20T20:29:54.914221" elapsed="0.986096">NoSuchWindowException: Message: no such window: target window already closed
from unknown error: web view not found
  (Session info: chrome=138.0.7204.158)
Stacktrace:
	GetHandleVerifier [0x0x7ff684e4e925+77845]
	GetHandleVerifier [0x0x7ff684e4e980+77936]
	(No symbol) [0x0x7ff684c09cda]
	(No symbol) [0x0x7ff684be21a1]
	(No symbol) [0x0x7ff684c8fc6e]
	(No symbol) [0x0x7ff684cb0432]
	(No symbol) [0x0x7ff684c886a3]
	(No symbol) [0x0x7ff684c51791]
	(No symbol) [0x0x7ff684c52523]
	GetHandleVerifier [0x0x7ff68512683d+3059501]
	GetHandleVerifier [0x0x7ff685120bfd+3035885]
	GetHandleVerifier [0x0x7ff6851403f0+3164896]
	GetHandleVerifier [0x0x7ff684e68c2e+185118]
	GetHandleVerifier [0x0x7ff684e7053f+216111]
	GetHandleVerifier [0x0x7ff684e572d4+113092]
	GetHandleVerifier [0x0x7ff684e57489+113529]
	GetHandleVerifier [0x0x7ff684e3e288+10616]
	BaseThreadInitThunk [0x0x7ffbbdaae8d7+23]
	RtlUserThreadStart [0x0x7ffbbf91c34c+44]
</status>
</kw>
<kw name="Verify Product Results Visible" owner="ui_keywords">
<status status="NOT RUN" start="2025-07-20T20:29:55.900489" elapsed="0.000020"/>
</kw>
<status status="FAIL" start="2025-07-20T20:29:51.914958" elapsed="3.985702">NoSuchWindowException: Message: no such window: target window already closed
from unknown error: web view not found
  (Session info: chrome=138.0.7204.158)
Stacktrace:
	GetHandleVerifier [0x0x7ff684e4e925+77845]
	GetHandleVerifier [0x0x7ff684e4e980+77936]
	(No symbol) [0x0x7ff684c09cda]
	(No symbol) [0x0x7ff684be21a1]
	(No symbol) [0x0x7ff684c8fc6e]
	(No symbol) [0x0x7ff684cb0432]
	(No symbol) [0x0x7ff684c886a3]
	(No symbol) [0x0x7ff684c51791]
	(No symbol) [0x0x7ff684c52523]
	GetHandleVerifier [0x0x7ff68512683d+3059501]
	GetHandleVerifier [0x0x7ff685120bfd+3035885]
	GetHandleVerifier [0x0x7ff6851403f0+3164896]
	GetHandleVerifier [0x0x7ff684e68c2e+185118]
	GetHandleVerifier [0x0x7ff684e7053f+216111]
	GetHandleVerifier [0x0x7ff684e572d4+113092]
	GetHandleVerifier [0x0x7ff684e57489+113529]
	GetHandleVerifier [0x0x7ff684e3e288+10616]
	BaseThreadInitThunk [0x0x7ffbbdaae8d7+23]
	RtlUserThreadStart [0x0x7ffbbf91c34c+44]
</status>
</test>
<status status="FAIL" start="2025-07-20T20:29:51.765280" elapsed="4.136042"/>
</suite>
<statistics>
<total>
<stat pass="0" fail="1" skip="0">All Tests</stat>
</total>
<tag>
</tag>
<suite>
<stat name="Test Search" id="s1" pass="0" fail="1" skip="0">Test Search</stat>
</suite>
</statistics>
<errors>
<msg time="2025-07-20T20:29:55.871965" level="WARN">Keyword 'Capture Page Screenshot' could not be run on failure: Message: no such window: target window already closed
from unknown error: web view not found
  (Session info: chrome=138.0.7204.158)
Stacktrace:
	GetHandleVerifier [0x0x7ff684e4e925+77845]
	GetHandleVerifier [0x0x7ff684e4e980+77936]
	(No symbol) [0x0x7ff684c09cda]
	(No symbol) [0x0x7ff684be21a1]
	(No symbol) [0x0x7ff684c8fc6e]
	(No symbol) [0x0x7ff684cb0432]
	(No symbol) [0x0x7ff684c886a3]
	(No symbol) [0x0x7ff684c51791]
	(No symbol) [0x0x7ff684c52523]
	GetHandleVerifier [0x0x7ff68512683d+3059501]
	GetHandleVerifier [0x0x7ff685120bfd+3035885]
	GetHandleVerifier [0x0x7ff6851403f0+3164896]
	GetHandleVerifier [0x0x7ff684e68c2e+185118]
	GetHandleVerifier [0x0x7ff684e7053f+216111]
	GetHandleVerifier [0x0x7ff684e572d4+113092]
	GetHandleVerifier [0x0x7ff684e57489+113529]
	GetHandleVerifier [0x0x7ff684e3e288+10616]
	BaseThreadInitThunk [0x0x7ffbbdaae8d7+23]
	RtlUserThreadStart [0x0x7ffbbf91c34c+44]
</msg>
</errors>
</robot>
